[2026-02-08T17:04:19.963Z] Opening DB at C:\Users\rbg19\Desktop\FlowY\data\flowy.db
[2026-02-08T17:04:19.967Z] DB Opened Successfully
[SQL] CREATE TABLE IF NOT EXISTS projects (
            id TEXT PRIMARY KEY,
            name TEXT NOT NULL,
            customerId TEXT,
            description TEXT,
            status TEXT,
            address TEXT,
            startDate TEXT,
            endDate TEXT,
            budget REAL,
            paymentPlan TEXT,
            createdAt TEXT,
            updatedAt TEXT,
            userId TEXT
        );
[SQL] CREATE TABLE IF NOT EXISTS customers (
            id TEXT PRIMARY KEY,
            name TEXT NOT NULL,
            email TEXT,
            phone TEXT,
            address TEXT,
            type TEXT,
            status TEXT,
            salutation TEXT,
            taxId TEXT,
            reverseChargeEnabled INTEGER DEFAULT 0,
            notes TEXT,
            lastActivity TEXT,
            createdAt TEXT,
            updatedAt TEXT,
            userId TEXT
        );
[SQL] CREATE TABLE IF NOT EXISTS invoices (
            id TEXT PRIMARY KEY,
            invoiceNumber TEXT NOT NULL,
            customerId TEXT,
            projectId TEXT,
            billingType TEXT,
            issueDate TEXT,
            items TEXT,
            subtotal REAL,
            taxRate REAL,
            taxAmount REAL,
            totalAmount REAL,
            isReverseCharge INTEGER DEFAULT 0,
            status TEXT,
            paymentTerms TEXT,
            perfFrom TEXT,
            perfTo TEXT,
            processor TEXT,
            subjectExtra TEXT,
            partialPaymentNumber INTEGER,
            previousInvoices TEXT,
            dunningLevel INTEGER DEFAULT 0,
            lastDunningDate TEXT,
            dunningHistory TEXT,
            paidAmount REAL DEFAULT 0,
            paymentDeviation TEXT,
            notes TEXT,
            createdAt TEXT,
            updatedAt TEXT,
            userId TEXT
        );
[SQL] CREATE TABLE IF NOT EXISTS settings (
            userId TEXT PRIMARY KEY,
            companyData TEXT,
            accountSettings TEXT,
            invoiceSettings TEXT
        );
[SQL] CREATE TABLE IF NOT EXISTS vehicles (
            id TEXT PRIMARY KEY,
            basicInfo TEXT NOT NULL,
            fleetDetails TEXT NOT NULL,
            maintenance TEXT NOT NULL,
            leasing TEXT,
            documents TEXT,
            createdAt TEXT,
            userId TEXT
        );
[SQL] CREATE TABLE IF NOT EXISTS employees (
            id TEXT PRIMARY KEY,
            employeeNumber TEXT NOT NULL,
            personalData TEXT NOT NULL,
            bankDetails TEXT NOT NULL,
            employment TEXT NOT NULL,
            additionalInfo TEXT,
            weeklySchedule TEXT,
            documents TEXT,
            avatar TEXT,
            createdAt TEXT,
            userId TEXT
        );
[SQL] CREATE TABLE IF NOT EXISTS time_entries (
            id TEXT PRIMARY KEY,
            employeeId TEXT NOT NULL,
            date TEXT NOT NULL,
            startTime TEXT,
            endTime TEXT,
            duration INTEGER,
            overtime REAL,
            location TEXT,
            type TEXT,
            projectId TEXT,
            serviceId TEXT,
            description TEXT,
            userId TEXT,
            createdAt TEXT
        );
[SQL] CREATE TABLE IF NOT EXISTS timesheets (
            id TEXT PRIMARY KEY,
            employeeId TEXT NOT NULL,
            month TEXT NOT NULL,
            status TEXT,
            finalizedAt TEXT,
            userId TEXT
        );
[SQL] CREATE TABLE IF NOT EXISTS todos (
            id TEXT PRIMARY KEY,
            task TEXT NOT NULL,
            completed INTEGER DEFAULT 0,
            priority TEXT,
            createdAt TEXT,
            userId TEXT
        );
[SQL] CREATE TABLE IF NOT EXISTS calendar_events (
            id TEXT PRIMARY KEY,
            title TEXT NOT NULL,
            description TEXT,
            startDate TEXT NOT NULL,
            endDate TEXT NOT NULL,
            isAllDay INTEGER DEFAULT 0,
            type TEXT,
            color TEXT,
            location TEXT,
            attendees TEXT,
            projectId TEXT,
            startTime TEXT,
            endTime TEXT,
            createdAt TEXT,
            userId TEXT
        );
[SQL] CREATE TABLE IF NOT EXISTS services (
            id TEXT PRIMARY KEY,
            name TEXT NOT NULL,
            description TEXT,
            category TEXT,
            price REAL,
            unit TEXT,
            userId TEXT
        );
[SQL] CREATE TABLE IF NOT EXISTS users (
            id TEXT PRIMARY KEY,
            email TEXT UNIQUE NOT NULL,
            passwordHash TEXT NOT NULL,
            name TEXT,
            role TEXT DEFAULT 'user',
            isVerified INTEGER DEFAULT 0,
            createdAt TEXT,
            updatedAt TEXT
        );
[SQL] CREATE TABLE IF NOT EXISTS tokens (
            id TEXT PRIMARY KEY,
            userId TEXT,
            token TEXT,
            type TEXT,
            expiresAt INTEGER,
            createdAt TEXT
        );
[SQL] PRAGMA table_info(time_entries)
[SQL] PRAGMA table_info(calendar_events)
[SQL] PRAGMA table_info(customers)
[SQL] PRAGMA table_info(invoices)
[SQL] 
            SELECT 
                (SELECT COUNT(*) FROM invoices) +
                (SELECT COUNT(*) FROM customers) +
                (SELECT COUNT(*) FROM projects) +
                (SELECT COUNT(*) FROM employees) +
                (SELECT COUNT(*) FROM vehicles) +
                (SELECT COUNT(*) FROM settings) as total_records
        
[2026-02-08T17:04:21.461Z] Opening DB at C:\Users\rbg19\Desktop\FlowY\data\flowy.db
[2026-02-08T17:04:21.462Z] DB Opened Successfully
[SQL] CREATE TABLE IF NOT EXISTS projects (
            id TEXT PRIMARY KEY,
            name TEXT NOT NULL,
            customerId TEXT,
            description TEXT,
            status TEXT,
            address TEXT,
            startDate TEXT,
            endDate TEXT,
            budget REAL,
            paymentPlan TEXT,
            createdAt TEXT,
            updatedAt TEXT,
            userId TEXT
        );
[SQL] CREATE TABLE IF NOT EXISTS customers (
            id TEXT PRIMARY KEY,
            name TEXT NOT NULL,
            email TEXT,
            phone TEXT,
            address TEXT,
            type TEXT,
            status TEXT,
            salutation TEXT,
            taxId TEXT,
            reverseChargeEnabled INTEGER DEFAULT 0,
            notes TEXT,
            lastActivity TEXT,
            createdAt TEXT,
            updatedAt TEXT,
            userId TEXT
        );
[SQL] CREATE TABLE IF NOT EXISTS invoices (
            id TEXT PRIMARY KEY,
            invoiceNumber TEXT NOT NULL,
            customerId TEXT,
            projectId TEXT,
            billingType TEXT,
            issueDate TEXT,
            items TEXT,
            subtotal REAL,
            taxRate REAL,
            taxAmount REAL,
            totalAmount REAL,
            isReverseCharge INTEGER DEFAULT 0,
            status TEXT,
            paymentTerms TEXT,
            perfFrom TEXT,
            perfTo TEXT,
            processor TEXT,
            subjectExtra TEXT,
            partialPaymentNumber INTEGER,
            previousInvoices TEXT,
            dunningLevel INTEGER DEFAULT 0,
            lastDunningDate TEXT,
            dunningHistory TEXT,
            paidAmount REAL DEFAULT 0,
            paymentDeviation TEXT,
            notes TEXT,
            createdAt TEXT,
            updatedAt TEXT,
            userId TEXT
        );
[SQL] CREATE TABLE IF NOT EXISTS settings (
            userId TEXT PRIMARY KEY,
            companyData TEXT,
            accountSettings TEXT,
            invoiceSettings TEXT
        );
[SQL] CREATE TABLE IF NOT EXISTS vehicles (
            id TEXT PRIMARY KEY,
            basicInfo TEXT NOT NULL,
            fleetDetails TEXT NOT NULL,
            maintenance TEXT NOT NULL,
            leasing TEXT,
            documents TEXT,
            createdAt TEXT,
            userId TEXT
        );
[SQL] CREATE TABLE IF NOT EXISTS employees (
            id TEXT PRIMARY KEY,
            employeeNumber TEXT NOT NULL,
            personalData TEXT NOT NULL,
            bankDetails TEXT NOT NULL,
            employment TEXT NOT NULL,
            additionalInfo TEXT,
            weeklySchedule TEXT,
            documents TEXT,
            avatar TEXT,
            createdAt TEXT,
            userId TEXT
        );
[SQL] CREATE TABLE IF NOT EXISTS time_entries (
            id TEXT PRIMARY KEY,
            employeeId TEXT NOT NULL,
            date TEXT NOT NULL,
            startTime TEXT,
            endTime TEXT,
            duration INTEGER,
            overtime REAL,
            location TEXT,
            type TEXT,
            projectId TEXT,
            serviceId TEXT,
            description TEXT,
            userId TEXT,
            createdAt TEXT
        );
[SQL] CREATE TABLE IF NOT EXISTS timesheets (
            id TEXT PRIMARY KEY,
            employeeId TEXT NOT NULL,
            month TEXT NOT NULL,
            status TEXT,
            finalizedAt TEXT,
            userId TEXT
        );
[SQL] CREATE TABLE IF NOT EXISTS todos (
            id TEXT PRIMARY KEY,
            task TEXT NOT NULL,
            completed INTEGER DEFAULT 0,
            priority TEXT,
            createdAt TEXT,
            userId TEXT
        );
[SQL] CREATE TABLE IF NOT EXISTS calendar_events (
            id TEXT PRIMARY KEY,
            title TEXT NOT NULL,
            description TEXT,
            startDate TEXT NOT NULL,
            endDate TEXT NOT NULL,
            isAllDay INTEGER DEFAULT 0,
            type TEXT,
            color TEXT,
            location TEXT,
            attendees TEXT,
            projectId TEXT,
            startTime TEXT,
            endTime TEXT,
            createdAt TEXT,
            userId TEXT
        );
[SQL] CREATE TABLE IF NOT EXISTS services (
            id TEXT PRIMARY KEY,
            name TEXT NOT NULL,
            description TEXT,
            category TEXT,
            price REAL,
            unit TEXT,
            userId TEXT
        );
[SQL] CREATE TABLE IF NOT EXISTS users (
            id TEXT PRIMARY KEY,
            email TEXT UNIQUE NOT NULL,
            passwordHash TEXT NOT NULL,
            name TEXT,
            role TEXT DEFAULT 'user',
            isVerified INTEGER DEFAULT 0,
            createdAt TEXT,
            updatedAt TEXT
        );
[SQL] CREATE TABLE IF NOT EXISTS tokens (
            id TEXT PRIMARY KEY,
            userId TEXT,
            token TEXT,
            type TEXT,
            expiresAt INTEGER,
            createdAt TEXT
        );
[SQL] PRAGMA table_info(time_entries)
[SQL] PRAGMA table_info(calendar_events)
[SQL] PRAGMA table_info(customers)
[SQL] PRAGMA table_info(invoices)
[SQL] BEGIN
[SQL] DELETE FROM projects
[SQL] DELETE FROM customers
[SQL] 
                            INSERT OR REPLACE INTO customers (id, name, email, phone, address, createdAt, updatedAt, userId)
                            VALUES ('458010ab-d0b1-41da-9ec8-07ca106b'/*+4 bytes*/, 'ZAH Bau GmbH', 'office@zah-bau.at', '', '{"street":"Herrgottwiesgasse 149'/*+29 bytes*/, '2026-02-08T15:48:12.309Z', '2026-02-08T15:49:27.128Z', 'edbaa5a0-bacf-48af-8b28-b92bb825'/*+4 bytes*/)
                        
[SQL] DELETE FROM invoices
[SQL] DELETE FROM settings
[SQL] 
                            INSERT OR REPLACE INTO settings (userId, companyData, accountSettings, invoiceSettings)
                            VALUES ('edbaa5a0-bacf-48af-8b28-b92bb825'/*+4 bytes*/, '{"companyName":"RASNO Bau GmbH",'/*+245405 bytes*/, '{"name":"Ilhan","onboardingCompl'/*+28 bytes*/, '{"invoicePrefix":"","nextInvoice'/*+561 bytes*/)
                        
[SQL] DELETE FROM vehicles
[SQL] DELETE FROM employees
[SQL] DELETE FROM time_entries
[SQL] DELETE FROM timesheets
[SQL] DELETE FROM todos
[SQL] DELETE FROM calendar_events
[SQL] DELETE FROM services
[SQL] 
                            INSERT OR REPLACE INTO services (id, name, description, category, price, unit, userId)
                            VALUES ('tn06d3ia8', 'Regiestunde', 'Regie für ZAH-Bau GmbH', 'Labor', 41.0, 'h', 'edbaa5a0-bacf-48af-8b28-b92bb825'/*+4 bytes*/)
                        
[SQL] COMMIT
[2026-02-08T17:04:23.505Z] Opening DB at C:\Users\rbg19\Desktop\FlowY\data\flowy.db
[2026-02-08T17:04:23.505Z] DB Opened Successfully
[SQL] CREATE TABLE IF NOT EXISTS projects (
            id TEXT PRIMARY KEY,
            name TEXT NOT NULL,
            customerId TEXT,
            description TEXT,
            status TEXT,
            address TEXT,
            startDate TEXT,
            endDate TEXT,
            budget REAL,
            paymentPlan TEXT,
            createdAt TEXT,
            updatedAt TEXT,
            userId TEXT
        );
[SQL] CREATE TABLE IF NOT EXISTS customers (
            id TEXT PRIMARY KEY,
            name TEXT NOT NULL,
            email TEXT,
            phone TEXT,
            address TEXT,
            type TEXT,
            status TEXT,
            salutation TEXT,
            taxId TEXT,
            reverseChargeEnabled INTEGER DEFAULT 0,
            notes TEXT,
            lastActivity TEXT,
            createdAt TEXT,
            updatedAt TEXT,
            userId TEXT
        );
[SQL] CREATE TABLE IF NOT EXISTS invoices (
            id TEXT PRIMARY KEY,
            invoiceNumber TEXT NOT NULL,
            customerId TEXT,
            projectId TEXT,
            billingType TEXT,
            issueDate TEXT,
            items TEXT,
            subtotal REAL,
            taxRate REAL,
            taxAmount REAL,
            totalAmount REAL,
            isReverseCharge INTEGER DEFAULT 0,
            status TEXT,
            paymentTerms TEXT,
            perfFrom TEXT,
            perfTo TEXT,
            processor TEXT,
            subjectExtra TEXT,
            partialPaymentNumber INTEGER,
            previousInvoices TEXT,
            dunningLevel INTEGER DEFAULT 0,
            lastDunningDate TEXT,
            dunningHistory TEXT,
            paidAmount REAL DEFAULT 0,
            paymentDeviation TEXT,
            notes TEXT,
            createdAt TEXT,
            updatedAt TEXT,
            userId TEXT
        );
[SQL] CREATE TABLE IF NOT EXISTS settings (
            userId TEXT PRIMARY KEY,
            companyData TEXT,
            accountSettings TEXT,
            invoiceSettings TEXT
        );
[SQL] CREATE TABLE IF NOT EXISTS vehicles (
            id TEXT PRIMARY KEY,
            basicInfo TEXT NOT NULL,
            fleetDetails TEXT NOT NULL,
            maintenance TEXT NOT NULL,
            leasing TEXT,
            documents TEXT,
            createdAt TEXT,
            userId TEXT
        );
[SQL] CREATE TABLE IF NOT EXISTS employees (
            id TEXT PRIMARY KEY,
            employeeNumber TEXT NOT NULL,
            personalData TEXT NOT NULL,
            bankDetails TEXT NOT NULL,
            employment TEXT NOT NULL,
            additionalInfo TEXT,
            weeklySchedule TEXT,
            documents TEXT,
            avatar TEXT,
            createdAt TEXT,
            userId TEXT
        );
[SQL] CREATE TABLE IF NOT EXISTS time_entries (
            id TEXT PRIMARY KEY,
            employeeId TEXT NOT NULL,
            date TEXT NOT NULL,
            startTime TEXT,
            endTime TEXT,
            duration INTEGER,
            overtime REAL,
            location TEXT,
            type TEXT,
            projectId TEXT,
            serviceId TEXT,
            description TEXT,
            userId TEXT,
            createdAt TEXT
        );
[SQL] CREATE TABLE IF NOT EXISTS timesheets (
            id TEXT PRIMARY KEY,
            employeeId TEXT NOT NULL,
            month TEXT NOT NULL,
            status TEXT,
            finalizedAt TEXT,
            userId TEXT
        );
[SQL] CREATE TABLE IF NOT EXISTS todos (
            id TEXT PRIMARY KEY,
            task TEXT NOT NULL,
            completed INTEGER DEFAULT 0,
            priority TEXT,
            createdAt TEXT,
            userId TEXT
        );
[SQL] CREATE TABLE IF NOT EXISTS calendar_events (
            id TEXT PRIMARY KEY,
            title TEXT NOT NULL,
            description TEXT,
            startDate TEXT NOT NULL,
            endDate TEXT NOT NULL,
            isAllDay INTEGER DEFAULT 0,
            type TEXT,
            color TEXT,
            location TEXT,
            attendees TEXT,
            projectId TEXT,
            startTime TEXT,
            endTime TEXT,
            createdAt TEXT,
            userId TEXT
        );
[SQL] CREATE TABLE IF NOT EXISTS services (
            id TEXT PRIMARY KEY,
            name TEXT NOT NULL,
            description TEXT,
            category TEXT,
            price REAL,
            unit TEXT,
            userId TEXT
        );
[SQL] CREATE TABLE IF NOT EXISTS users (
            id TEXT PRIMARY KEY,
            email TEXT UNIQUE NOT NULL,
            passwordHash TEXT NOT NULL,
            name TEXT,
            role TEXT DEFAULT 'user',
            isVerified INTEGER DEFAULT 0,
            createdAt TEXT,
            updatedAt TEXT
        );
[SQL] CREATE TABLE IF NOT EXISTS tokens (
            id TEXT PRIMARY KEY,
            userId TEXT,
            token TEXT,
            type TEXT,
            expiresAt INTEGER,
            createdAt TEXT
        );
[SQL] PRAGMA table_info(time_entries)
[SQL] PRAGMA table_info(calendar_events)
[SQL] PRAGMA table_info(customers)
[SQL] PRAGMA table_info(invoices)
[SQL] SELECT * FROM settings WHERE userId = 'edbaa5a0-bacf-48af-8b28-b92bb825'/*+4 bytes*/
[SQL] SELECT * FROM settings WHERE userId = 'edbaa5a0-bacf-48af-8b28-b92bb825'/*+4 bytes*/
[SQL] SELECT * FROM settings WHERE userId = 'edbaa5a0-bacf-48af-8b28-b92bb825'/*+4 bytes*/
[SQL] SELECT * FROM settings WHERE userId = 'edbaa5a0-bacf-48af-8b28-b92bb825'/*+4 bytes*/
[SQL] SELECT * FROM settings WHERE userId = 'edbaa5a0-bacf-48af-8b28-b92bb825'/*+4 bytes*/
[SQL] SELECT * FROM settings WHERE userId = 'edbaa5a0-bacf-48af-8b28-b92bb825'/*+4 bytes*/
[SQL] SELECT * FROM settings WHERE userId = 'edbaa5a0-bacf-48af-8b28-b92bb825'/*+4 bytes*/
[SQL] SELECT * FROM settings WHERE userId = 'edbaa5a0-bacf-48af-8b28-b92bb825'/*+4 bytes*/
[SQL] SELECT * FROM settings WHERE userId = 'edbaa5a0-bacf-48af-8b28-b92bb825'/*+4 bytes*/
[SQL] SELECT * FROM settings WHERE userId = 'edbaa5a0-bacf-48af-8b28-b92bb825'/*+4 bytes*/
[SQL] SELECT * FROM settings WHERE userId = 'edbaa5a0-bacf-48af-8b28-b92bb825'/*+4 bytes*/
[SQL] SELECT * FROM settings WHERE userId = 'edbaa5a0-bacf-48af-8b28-b92bb825'/*+4 bytes*/
[SQL] SELECT * FROM settings WHERE userId = 'edbaa5a0-bacf-48af-8b28-b92bb825'/*+4 bytes*/
[SQL] SELECT * FROM settings WHERE userId = 'edbaa5a0-bacf-48af-8b28-b92bb825'/*+4 bytes*/
[SQL] SELECT * FROM settings WHERE userId = 'edbaa5a0-bacf-48af-8b28-b92bb825'/*+4 bytes*/
[SQL] SELECT * FROM settings WHERE userId = 'edbaa5a0-bacf-48af-8b28-b92bb825'/*+4 bytes*/
[2026-02-08T17:04:25.891Z] Opening DB at C:\Users\rbg19\Desktop\FlowY\data\flowy.db
[2026-02-08T17:04:25.892Z] DB Opened Successfully
[SQL] CREATE TABLE IF NOT EXISTS projects (
            id TEXT PRIMARY KEY,
            name TEXT NOT NULL,
            customerId TEXT,
            description TEXT,
            status TEXT,
            address TEXT,
            startDate TEXT,
            endDate TEXT,
            budget REAL,
            paymentPlan TEXT,
            createdAt TEXT,
            updatedAt TEXT,
            userId TEXT
        );
[SQL] CREATE TABLE IF NOT EXISTS customers (
            id TEXT PRIMARY KEY,
            name TEXT NOT NULL,
            email TEXT,
            phone TEXT,
            address TEXT,
            type TEXT,
            status TEXT,
            salutation TEXT,
            taxId TEXT,
            reverseChargeEnabled INTEGER DEFAULT 0,
            notes TEXT,
            lastActivity TEXT,
            createdAt TEXT,
            updatedAt TEXT,
            userId TEXT
        );
[SQL] CREATE TABLE IF NOT EXISTS invoices (
            id TEXT PRIMARY KEY,
            invoiceNumber TEXT NOT NULL,
            customerId TEXT,
            projectId TEXT,
            billingType TEXT,
            issueDate TEXT,
            items TEXT,
            subtotal REAL,
            taxRate REAL,
            taxAmount REAL,
            totalAmount REAL,
            isReverseCharge INTEGER DEFAULT 0,
            status TEXT,
            paymentTerms TEXT,
            perfFrom TEXT,
            perfTo TEXT,
            processor TEXT,
            subjectExtra TEXT,
            partialPaymentNumber INTEGER,
            previousInvoices TEXT,
            dunningLevel INTEGER DEFAULT 0,
            lastDunningDate TEXT,
            dunningHistory TEXT,
            paidAmount REAL DEFAULT 0,
            paymentDeviation TEXT,
            notes TEXT,
            createdAt TEXT,
            updatedAt TEXT,
            userId TEXT
        );
[SQL] CREATE TABLE IF NOT EXISTS settings (
            userId TEXT PRIMARY KEY,
            companyData TEXT,
            accountSettings TEXT,
            invoiceSettings TEXT
        );
[SQL] CREATE TABLE IF NOT EXISTS vehicles (
            id TEXT PRIMARY KEY,
            basicInfo TEXT NOT NULL,
            fleetDetails TEXT NOT NULL,
            maintenance TEXT NOT NULL,
            leasing TEXT,
            documents TEXT,
            createdAt TEXT,
            userId TEXT
        );
[SQL] CREATE TABLE IF NOT EXISTS employees (
            id TEXT PRIMARY KEY,
            employeeNumber TEXT NOT NULL,
            personalData TEXT NOT NULL,
            bankDetails TEXT NOT NULL,
            employment TEXT NOT NULL,
            additionalInfo TEXT,
            weeklySchedule TEXT,
            documents TEXT,
            avatar TEXT,
            createdAt TEXT,
            userId TEXT
        );
[SQL] CREATE TABLE IF NOT EXISTS time_entries (
            id TEXT PRIMARY KEY,
            employeeId TEXT NOT NULL,
            date TEXT NOT NULL,
            startTime TEXT,
            endTime TEXT,
            duration INTEGER,
            overtime REAL,
            location TEXT,
            type TEXT,
            projectId TEXT,
            serviceId TEXT,
            description TEXT,
            userId TEXT,
            createdAt TEXT
        );
[SQL] CREATE TABLE IF NOT EXISTS timesheets (
            id TEXT PRIMARY KEY,
            employeeId TEXT NOT NULL,
            month TEXT NOT NULL,
            status TEXT,
            finalizedAt TEXT,
            userId TEXT
        );
[SQL] CREATE TABLE IF NOT EXISTS todos (
            id TEXT PRIMARY KEY,
            task TEXT NOT NULL,
            completed INTEGER DEFAULT 0,
            priority TEXT,
            createdAt TEXT,
            userId TEXT
        );
[SQL] CREATE TABLE IF NOT EXISTS calendar_events (
            id TEXT PRIMARY KEY,
            title TEXT NOT NULL,
            description TEXT,
            startDate TEXT NOT NULL,
            endDate TEXT NOT NULL,
            isAllDay INTEGER DEFAULT 0,
            type TEXT,
            color TEXT,
            location TEXT,
            attendees TEXT,
            projectId TEXT,
            startTime TEXT,
            endTime TEXT,
            createdAt TEXT,
            userId TEXT
        );
[SQL] CREATE TABLE IF NOT EXISTS services (
            id TEXT PRIMARY KEY,
            name TEXT NOT NULL,
            description TEXT,
            category TEXT,
            price REAL,
            unit TEXT,
            userId TEXT
        );
[SQL] CREATE TABLE IF NOT EXISTS users (
            id TEXT PRIMARY KEY,
            email TEXT UNIQUE NOT NULL,
            passwordHash TEXT NOT NULL,
            name TEXT,
            role TEXT DEFAULT 'user',
            isVerified INTEGER DEFAULT 0,
            createdAt TEXT,
            updatedAt TEXT
        );
[SQL] CREATE TABLE IF NOT EXISTS tokens (
            id TEXT PRIMARY KEY,
            userId TEXT,
            token TEXT,
            type TEXT,
            expiresAt INTEGER,
            createdAt TEXT
        );
[SQL] PRAGMA table_info(time_entries)
[SQL] PRAGMA table_info(calendar_events)
[SQL] PRAGMA table_info(customers)
[SQL] PRAGMA table_info(invoices)
[SQL] SELECT * FROM customers WHERE userId = 'edbaa5a0-bacf-48af-8b28-b92bb825'/*+4 bytes*/
[SQL] SELECT * FROM invoices WHERE userId = 'edbaa5a0-bacf-48af-8b28-b92bb825'/*+4 bytes*/
[SQL] SELECT * FROM todos WHERE userId = 'edbaa5a0-bacf-48af-8b28-b92bb825'/*+4 bytes*/ ORDER BY createdAt DESC
[SQL] SELECT * FROM calendar_events WHERE userId = 'edbaa5a0-bacf-48af-8b28-b92bb825'/*+4 bytes*/
[SQL] SELECT * FROM customers WHERE userId = 'edbaa5a0-bacf-48af-8b28-b92bb825'/*+4 bytes*/
[SQL] SELECT * FROM invoices WHERE userId = 'edbaa5a0-bacf-48af-8b28-b92bb825'/*+4 bytes*/
[SQL] SELECT * FROM calendar_events WHERE userId = 'edbaa5a0-bacf-48af-8b28-b92bb825'/*+4 bytes*/
[SQL] SELECT * FROM todos WHERE userId = 'edbaa5a0-bacf-48af-8b28-b92bb825'/*+4 bytes*/ ORDER BY createdAt DESC
[2026-02-08T17:04:29.568Z] Opening DB at C:\Users\rbg19\Desktop\FlowY\data\flowy.db
[2026-02-08T17:04:29.568Z] DB Opened Successfully
[SQL] CREATE TABLE IF NOT EXISTS projects (
            id TEXT PRIMARY KEY,
            name TEXT NOT NULL,
            customerId TEXT,
            description TEXT,
            status TEXT,
            address TEXT,
            startDate TEXT,
            endDate TEXT,
            budget REAL,
            paymentPlan TEXT,
            createdAt TEXT,
            updatedAt TEXT,
            userId TEXT
        );
[SQL] CREATE TABLE IF NOT EXISTS customers (
            id TEXT PRIMARY KEY,
            name TEXT NOT NULL,
            email TEXT,
            phone TEXT,
            address TEXT,
            type TEXT,
            status TEXT,
            salutation TEXT,
            taxId TEXT,
            reverseChargeEnabled INTEGER DEFAULT 0,
            notes TEXT,
            lastActivity TEXT,
            createdAt TEXT,
            updatedAt TEXT,
            userId TEXT
        );
[SQL] CREATE TABLE IF NOT EXISTS invoices (
            id TEXT PRIMARY KEY,
            invoiceNumber TEXT NOT NULL,
            customerId TEXT,
            projectId TEXT,
            billingType TEXT,
            issueDate TEXT,
            items TEXT,
            subtotal REAL,
            taxRate REAL,
            taxAmount REAL,
            totalAmount REAL,
            isReverseCharge INTEGER DEFAULT 0,
            status TEXT,
            paymentTerms TEXT,
            perfFrom TEXT,
            perfTo TEXT,
            processor TEXT,
            subjectExtra TEXT,
            partialPaymentNumber INTEGER,
            previousInvoices TEXT,
            dunningLevel INTEGER DEFAULT 0,
            lastDunningDate TEXT,
            dunningHistory TEXT,
            paidAmount REAL DEFAULT 0,
            paymentDeviation TEXT,
            notes TEXT,
            createdAt TEXT,
            updatedAt TEXT,
            userId TEXT
        );
[SQL] CREATE TABLE IF NOT EXISTS settings (
            userId TEXT PRIMARY KEY,
            companyData TEXT,
            accountSettings TEXT,
            invoiceSettings TEXT
        );
[SQL] CREATE TABLE IF NOT EXISTS vehicles (
            id TEXT PRIMARY KEY,
            basicInfo TEXT NOT NULL,
            fleetDetails TEXT NOT NULL,
            maintenance TEXT NOT NULL,
            leasing TEXT,
            documents TEXT,
            createdAt TEXT,
            userId TEXT
        );
[SQL] CREATE TABLE IF NOT EXISTS employees (
            id TEXT PRIMARY KEY,
            employeeNumber TEXT NOT NULL,
            personalData TEXT NOT NULL,
            bankDetails TEXT NOT NULL,
            employment TEXT NOT NULL,
            additionalInfo TEXT,
            weeklySchedule TEXT,
            documents TEXT,
            avatar TEXT,
            createdAt TEXT,
            userId TEXT
        );
[SQL] CREATE TABLE IF NOT EXISTS time_entries (
            id TEXT PRIMARY KEY,
            employeeId TEXT NOT NULL,
            date TEXT NOT NULL,
            startTime TEXT,
            endTime TEXT,
            duration INTEGER,
            overtime REAL,
            location TEXT,
            type TEXT,
            projectId TEXT,
            serviceId TEXT,
            description TEXT,
            userId TEXT,
            createdAt TEXT
        );
[SQL] CREATE TABLE IF NOT EXISTS timesheets (
            id TEXT PRIMARY KEY,
            employeeId TEXT NOT NULL,
            month TEXT NOT NULL,
            status TEXT,
            finalizedAt TEXT,
            userId TEXT
        );
[SQL] CREATE TABLE IF NOT EXISTS todos (
            id TEXT PRIMARY KEY,
            task TEXT NOT NULL,
            completed INTEGER DEFAULT 0,
            priority TEXT,
            createdAt TEXT,
            userId TEXT
        );
[SQL] CREATE TABLE IF NOT EXISTS calendar_events (
            id TEXT PRIMARY KEY,
            title TEXT NOT NULL,
            description TEXT,
            startDate TEXT NOT NULL,
            endDate TEXT NOT NULL,
            isAllDay INTEGER DEFAULT 0,
            type TEXT,
            color TEXT,
            location TEXT,
            attendees TEXT,
            projectId TEXT,
            startTime TEXT,
            endTime TEXT,
            createdAt TEXT,
            userId TEXT
        );
[SQL] CREATE TABLE IF NOT EXISTS services (
            id TEXT PRIMARY KEY,
            name TEXT NOT NULL,
            description TEXT,
            category TEXT,
            price REAL,
            unit TEXT,
            userId TEXT
        );
[SQL] CREATE TABLE IF NOT EXISTS users (
            id TEXT PRIMARY KEY,
            email TEXT UNIQUE NOT NULL,
            passwordHash TEXT NOT NULL,
            name TEXT,
            role TEXT DEFAULT 'user',
            isVerified INTEGER DEFAULT 0,
            createdAt TEXT,
            updatedAt TEXT
        );
[SQL] CREATE TABLE IF NOT EXISTS tokens (
            id TEXT PRIMARY KEY,
            userId TEXT,
            token TEXT,
            type TEXT,
            expiresAt INTEGER,
            createdAt TEXT
        );
[SQL] PRAGMA table_info(time_entries)
[SQL] PRAGMA table_info(calendar_events)
[SQL] PRAGMA table_info(customers)
[SQL] PRAGMA table_info(invoices)
[SQL] SELECT * FROM invoices WHERE userId = 'edbaa5a0-bacf-48af-8b28-b92bb825'/*+4 bytes*/
[SQL] SELECT * FROM customers WHERE userId = 'edbaa5a0-bacf-48af-8b28-b92bb825'/*+4 bytes*/
[SQL] SELECT * FROM settings WHERE userId = 'edbaa5a0-bacf-48af-8b28-b92bb825'/*+4 bytes*/
[SQL] SELECT * FROM invoices WHERE userId = 'edbaa5a0-bacf-48af-8b28-b92bb825'/*+4 bytes*/
[SQL] SELECT * FROM customers WHERE userId = 'edbaa5a0-bacf-48af-8b28-b92bb825'/*+4 bytes*/
[SQL] SELECT * FROM settings WHERE userId = 'edbaa5a0-bacf-48af-8b28-b92bb825'/*+4 bytes*/
[SQL] SELECT * FROM invoices WHERE userId = 'edbaa5a0-bacf-48af-8b28-b92bb825'/*+4 bytes*/
[SQL] SELECT * FROM settings WHERE userId = 'edbaa5a0-bacf-48af-8b28-b92bb825'/*+4 bytes*/
[SQL] SELECT * FROM invoices WHERE userId = 'edbaa5a0-bacf-48af-8b28-b92bb825'/*+4 bytes*/
[SQL] SELECT * FROM settings WHERE userId = 'edbaa5a0-bacf-48af-8b28-b92bb825'/*+4 bytes*/
[2026-02-08T17:04:31.480Z] Opening DB at C:\Users\rbg19\Desktop\FlowY\data\flowy.db
[2026-02-08T17:04:31.481Z] DB Opened Successfully
[SQL] CREATE TABLE IF NOT EXISTS projects (
            id TEXT PRIMARY KEY,
            name TEXT NOT NULL,
            customerId TEXT,
            description TEXT,
            status TEXT,
            address TEXT,
            startDate TEXT,
            endDate TEXT,
            budget REAL,
            paymentPlan TEXT,
            createdAt TEXT,
            updatedAt TEXT,
            userId TEXT
        );
[SQL] CREATE TABLE IF NOT EXISTS customers (
            id TEXT PRIMARY KEY,
            name TEXT NOT NULL,
            email TEXT,
            phone TEXT,
            address TEXT,
            type TEXT,
            status TEXT,
            salutation TEXT,
            taxId TEXT,
            reverseChargeEnabled INTEGER DEFAULT 0,
            notes TEXT,
            lastActivity TEXT,
            createdAt TEXT,
            updatedAt TEXT,
            userId TEXT
        );
[SQL] CREATE TABLE IF NOT EXISTS invoices (
            id TEXT PRIMARY KEY,
            invoiceNumber TEXT NOT NULL,
            customerId TEXT,
            projectId TEXT,
            billingType TEXT,
            issueDate TEXT,
            items TEXT,
            subtotal REAL,
            taxRate REAL,
            taxAmount REAL,
            totalAmount REAL,
            isReverseCharge INTEGER DEFAULT 0,
            status TEXT,
            paymentTerms TEXT,
            perfFrom TEXT,
            perfTo TEXT,
            processor TEXT,
            subjectExtra TEXT,
            partialPaymentNumber INTEGER,
            previousInvoices TEXT,
            dunningLevel INTEGER DEFAULT 0,
            lastDunningDate TEXT,
            dunningHistory TEXT,
            paidAmount REAL DEFAULT 0,
            paymentDeviation TEXT,
            notes TEXT,
            createdAt TEXT,
            updatedAt TEXT,
            userId TEXT
        );
[SQL] CREATE TABLE IF NOT EXISTS settings (
            userId TEXT PRIMARY KEY,
            companyData TEXT,
            accountSettings TEXT,
            invoiceSettings TEXT
        );
[SQL] CREATE TABLE IF NOT EXISTS vehicles (
            id TEXT PRIMARY KEY,
            basicInfo TEXT NOT NULL,
            fleetDetails TEXT NOT NULL,
            maintenance TEXT NOT NULL,
            leasing TEXT,
            documents TEXT,
            createdAt TEXT,
            userId TEXT
        );
[SQL] CREATE TABLE IF NOT EXISTS employees (
            id TEXT PRIMARY KEY,
            employeeNumber TEXT NOT NULL,
            personalData TEXT NOT NULL,
            bankDetails TEXT NOT NULL,
            employment TEXT NOT NULL,
            additionalInfo TEXT,
            weeklySchedule TEXT,
            documents TEXT,
            avatar TEXT,
            createdAt TEXT,
            userId TEXT
        );
[SQL] CREATE TABLE IF NOT EXISTS time_entries (
            id TEXT PRIMARY KEY,
            employeeId TEXT NOT NULL,
            date TEXT NOT NULL,
            startTime TEXT,
            endTime TEXT,
            duration INTEGER,
            overtime REAL,
            location TEXT,
            type TEXT,
            projectId TEXT,
            serviceId TEXT,
            description TEXT,
            userId TEXT,
            createdAt TEXT
        );
[SQL] CREATE TABLE IF NOT EXISTS timesheets (
            id TEXT PRIMARY KEY,
            employeeId TEXT NOT NULL,
            month TEXT NOT NULL,
            status TEXT,
            finalizedAt TEXT,
            userId TEXT
        );
[SQL] CREATE TABLE IF NOT EXISTS todos (
            id TEXT PRIMARY KEY,
            task TEXT NOT NULL,
            completed INTEGER DEFAULT 0,
            priority TEXT,
            createdAt TEXT,
            userId TEXT
        );
[SQL] CREATE TABLE IF NOT EXISTS calendar_events (
            id TEXT PRIMARY KEY,
            title TEXT NOT NULL,
            description TEXT,
            startDate TEXT NOT NULL,
            endDate TEXT NOT NULL,
            isAllDay INTEGER DEFAULT 0,
            type TEXT,
            color TEXT,
            location TEXT,
            attendees TEXT,
            projectId TEXT,
            startTime TEXT,
            endTime TEXT,
            createdAt TEXT,
            userId TEXT
        );
[SQL] CREATE TABLE IF NOT EXISTS services (
            id TEXT PRIMARY KEY,
            name TEXT NOT NULL,
            description TEXT,
            category TEXT,
            price REAL,
            unit TEXT,
            userId TEXT
        );
[SQL] CREATE TABLE IF NOT EXISTS users (
            id TEXT PRIMARY KEY,
            email TEXT UNIQUE NOT NULL,
            passwordHash TEXT NOT NULL,
            name TEXT,
            role TEXT DEFAULT 'user',
            isVerified INTEGER DEFAULT 0,
            createdAt TEXT,
            updatedAt TEXT
        );
[SQL] CREATE TABLE IF NOT EXISTS tokens (
            id TEXT PRIMARY KEY,
            userId TEXT,
            token TEXT,
            type TEXT,
            expiresAt INTEGER,
            createdAt TEXT
        );
[SQL] PRAGMA table_info(time_entries)
[SQL] PRAGMA table_info(calendar_events)
[SQL] PRAGMA table_info(customers)
[SQL] PRAGMA table_info(invoices)
[SQL] SELECT * FROM customers WHERE userId = 'edbaa5a0-bacf-48af-8b28-b92bb825'/*+4 bytes*/
[2026-02-08T17:04:31.773Z] Opening DB at C:\Users\rbg19\Desktop\FlowY\data\flowy.db
[2026-02-08T17:04:31.774Z] DB Opened Successfully
[SQL] CREATE TABLE IF NOT EXISTS projects (
            id TEXT PRIMARY KEY,
            name TEXT NOT NULL,
            customerId TEXT,
            description TEXT,
            status TEXT,
            address TEXT,
            startDate TEXT,
            endDate TEXT,
            budget REAL,
            paymentPlan TEXT,
            createdAt TEXT,
            updatedAt TEXT,
            userId TEXT
        );
[SQL] CREATE TABLE IF NOT EXISTS customers (
            id TEXT PRIMARY KEY,
            name TEXT NOT NULL,
            email TEXT,
            phone TEXT,
            address TEXT,
            type TEXT,
            status TEXT,
            salutation TEXT,
            taxId TEXT,
            reverseChargeEnabled INTEGER DEFAULT 0,
            notes TEXT,
            lastActivity TEXT,
            createdAt TEXT,
            updatedAt TEXT,
            userId TEXT
        );
[SQL] CREATE TABLE IF NOT EXISTS invoices (
            id TEXT PRIMARY KEY,
            invoiceNumber TEXT NOT NULL,
            customerId TEXT,
            projectId TEXT,
            billingType TEXT,
            issueDate TEXT,
            items TEXT,
            subtotal REAL,
            taxRate REAL,
            taxAmount REAL,
            totalAmount REAL,
            isReverseCharge INTEGER DEFAULT 0,
            status TEXT,
            paymentTerms TEXT,
            perfFrom TEXT,
            perfTo TEXT,
            processor TEXT,
            subjectExtra TEXT,
            partialPaymentNumber INTEGER,
            previousInvoices TEXT,
            dunningLevel INTEGER DEFAULT 0,
            lastDunningDate TEXT,
            dunningHistory TEXT,
            paidAmount REAL DEFAULT 0,
            paymentDeviation TEXT,
            notes TEXT,
            createdAt TEXT,
            updatedAt TEXT,
            userId TEXT
        );
[SQL] CREATE TABLE IF NOT EXISTS settings (
            userId TEXT PRIMARY KEY,
            companyData TEXT,
            accountSettings TEXT,
            invoiceSettings TEXT
        );
[SQL] CREATE TABLE IF NOT EXISTS vehicles (
            id TEXT PRIMARY KEY,
            basicInfo TEXT NOT NULL,
            fleetDetails TEXT NOT NULL,
            maintenance TEXT NOT NULL,
            leasing TEXT,
            documents TEXT,
            createdAt TEXT,
            userId TEXT
        );
[SQL] CREATE TABLE IF NOT EXISTS employees (
            id TEXT PRIMARY KEY,
            employeeNumber TEXT NOT NULL,
            personalData TEXT NOT NULL,
            bankDetails TEXT NOT NULL,
            employment TEXT NOT NULL,
            additionalInfo TEXT,
            weeklySchedule TEXT,
            documents TEXT,
            avatar TEXT,
            createdAt TEXT,
            userId TEXT
        );
[SQL] CREATE TABLE IF NOT EXISTS time_entries (
            id TEXT PRIMARY KEY,
            employeeId TEXT NOT NULL,
            date TEXT NOT NULL,
            startTime TEXT,
            endTime TEXT,
            duration INTEGER,
            overtime REAL,
            location TEXT,
            type TEXT,
            projectId TEXT,
            serviceId TEXT,
            description TEXT,
            userId TEXT,
            createdAt TEXT
        );
[SQL] CREATE TABLE IF NOT EXISTS timesheets (
            id TEXT PRIMARY KEY,
            employeeId TEXT NOT NULL,
            month TEXT NOT NULL,
            status TEXT,
            finalizedAt TEXT,
            userId TEXT
        );
[SQL] CREATE TABLE IF NOT EXISTS todos (
            id TEXT PRIMARY KEY,
            task TEXT NOT NULL,
            completed INTEGER DEFAULT 0,
            priority TEXT,
            createdAt TEXT,
            userId TEXT
        );
[SQL] CREATE TABLE IF NOT EXISTS calendar_events (
            id TEXT PRIMARY KEY,
            title TEXT NOT NULL,
            description TEXT,
            startDate TEXT NOT NULL,
            endDate TEXT NOT NULL,
            isAllDay INTEGER DEFAULT 0,
            type TEXT,
            color TEXT,
            location TEXT,
            attendees TEXT,
            projectId TEXT,
            startTime TEXT,
            endTime TEXT,
            createdAt TEXT,
            userId TEXT
        );
[SQL] CREATE TABLE IF NOT EXISTS services (
            id TEXT PRIMARY KEY,
            name TEXT NOT NULL,
            description TEXT,
            category TEXT,
            price REAL,
            unit TEXT,
            userId TEXT
        );
[SQL] CREATE TABLE IF NOT EXISTS users (
            id TEXT PRIMARY KEY,
            email TEXT UNIQUE NOT NULL,
            passwordHash TEXT NOT NULL,
            name TEXT,
            role TEXT DEFAULT 'user',
            isVerified INTEGER DEFAULT 0,
            createdAt TEXT,
            updatedAt TEXT
        );
[SQL] CREATE TABLE IF NOT EXISTS tokens (
            id TEXT PRIMARY KEY,
            userId TEXT,
            token TEXT,
            type TEXT,
            expiresAt INTEGER,
            createdAt TEXT
        );
[SQL] PRAGMA table_info(time_entries)
[SQL] PRAGMA table_info(calendar_events)
[SQL] PRAGMA table_info(customers)
[SQL] PRAGMA table_info(invoices)
[SQL] SELECT * FROM invoices WHERE userId = 'edbaa5a0-bacf-48af-8b28-b92bb825'/*+4 bytes*/
[SQL] SELECT * FROM settings WHERE userId = 'edbaa5a0-bacf-48af-8b28-b92bb825'/*+4 bytes*/
[SQL] SELECT * FROM customers WHERE userId = 'edbaa5a0-bacf-48af-8b28-b92bb825'/*+4 bytes*/
[SQL] SELECT * FROM services WHERE userId = 'edbaa5a0-bacf-48af-8b28-b92bb825'/*+4 bytes*/
[SQL] SELECT * FROM projects WHERE userId = 'edbaa5a0-bacf-48af-8b28-b92bb825'/*+4 bytes*/
[SQL] SELECT * FROM invoices WHERE userId = 'edbaa5a0-bacf-48af-8b28-b92bb825'/*+4 bytes*/
[SQL] SELECT * FROM settings WHERE userId = 'edbaa5a0-bacf-48af-8b28-b92bb825'/*+4 bytes*/
[SQL] SELECT * FROM services WHERE userId = 'edbaa5a0-bacf-48af-8b28-b92bb825'/*+4 bytes*/
[SQL] SELECT * FROM projects WHERE userId = 'edbaa5a0-bacf-48af-8b28-b92bb825'/*+4 bytes*/
[SQL] SELECT * FROM settings WHERE userId = 'edbaa5a0-bacf-48af-8b28-b92bb825'/*+4 bytes*/
[SQL] SELECT * FROM settings WHERE userId = 'edbaa5a0-bacf-48af-8b28-b92bb825'/*+4 bytes*/
[SQL] SELECT * FROM settings WHERE userId = 'edbaa5a0-bacf-48af-8b28-b92bb825'/*+4 bytes*/
[SQL] SELECT * FROM settings WHERE userId = 'edbaa5a0-bacf-48af-8b28-b92bb825'/*+4 bytes*/
